app/build/intermediates/manifest_merge_blame_file/debug/manifest-merger-blame-debug-report.txt
1<?xml version="1.0" encoding="utf-8"?>
2<manifest xmlns:android="http://schemas.android.com/apk/res/android"
3    package="com.example.pokedex"
4    android:versionCode="1"
5    android:versionName="1.0" >
6
7    <uses-sdk
8        android:minSdkVersion="23"
8-->src\main\AndroidManifest.xml
9        android:targetSdkVersion="31" />
9-->src\main\AndroidManifest.xml
10
11    <uses-permission android:name="android.permission.INTERNET" />
11-->src\main\AndroidManifest.xml:4:5-67
11-->src\main\AndroidManifest.xml:4:22-64
12
13    <application
13-->src\main\AndroidManifest.xml:5:5-30:19
14        android:name="com.example.pokedex.PokedexApplication"
14-->src\main\AndroidManifest.xml:6:9-43
15        android:allowBackup="true"
15-->src\main\AndroidManifest.xml:7:9-35
16        android:appComponentFactory="androidx.core.app.CoreComponentFactory"
16-->[androidx.core:core:1.6.0] AndroidManifest.xml:24:18-86
17        android:debuggable="true"
18        android:extractNativeLibs="false"
19        android:icon="@mipmap/ic_launcher"
19-->src\main\AndroidManifest.xml:8:9-43
20        android:label="@string/app_name"
20-->src\main\AndroidManifest.xml:9:9-41
21        android:roundIcon="@mipmap/ic_launcher_round"
21-->src\main\AndroidManifest.xml:10:9-54
22        android:supportsRtl="true"
22-->src\main\AndroidManifest.xml:11:9-35
23        android:testOnly="true"
24        android:theme="@style/Theme.Pokedex" >
24-->src\main\AndroidManifest.xml:12:9-45
25        <activity
25-->src\main\AndroidManifest.xml:14:9-21:20
26            android:name="com.example.pokedex.pokemon.view.PokemonActivity"
26-->src\main\AndroidManifest.xml:15:13-57
27            android:parentActivityName="com.example.pokedex.pokedex.view.MainActivity" >
27-->src\main\AndroidManifest.xml:16:13-68
28
29            <!-- The meta-data tag is required if you support API level 15 and lower -->
30            <meta-data
30-->src\main\AndroidManifest.xml:18:13-20:62
31                android:name="android.support.PARENT_ACTIVITY"
31-->src\main\AndroidManifest.xml:19:17-63
32                android:value=".pokedex.view.MainActivity" />
32-->src\main\AndroidManifest.xml:20:17-59
33        </activity>
34        <activity android:name="com.example.pokedex.pokedex.view.MainActivity" >
34-->src\main\AndroidManifest.xml:23:9-29:20
34-->src\main\AndroidManifest.xml:23:19-60
35            <intent-filter>
35-->src\main\AndroidManifest.xml:24:13-28:29
36                <action android:name="android.intent.action.MAIN" />
36-->src\main\AndroidManifest.xml:25:17-69
36-->src\main\AndroidManifest.xml:25:25-66
37
38                <category android:name="android.intent.category.LAUNCHER" />
38-->src\main\AndroidManifest.xml:27:17-77
38-->src\main\AndroidManifest.xml:27:27-74
39            </intent-filter>
40        </activity>
41
42        <provider
42-->[com.squareup.picasso:picasso:2.71828] AndroidManifest.xml:8:9-11:40
43            android:name="com.squareup.picasso.PicassoProvider"
43-->[com.squareup.picasso:picasso:2.71828] AndroidManifest.xml:9:13-64
44            android:authorities="com.example.pokedex.com.squareup.picasso"
44-->[com.squareup.picasso:picasso:2.71828] AndroidManifest.xml:10:13-72
45            android:exported="false" />
45-->[com.squareup.picasso:picasso:2.71828] AndroidManifest.xml:11:13-37
46    </application>
47
48</manifest>